[0.110s] Invoking command in '/home/viktordg/Create3/build/irobot_create_gazebo_plugins': AMENT_PREFIX_PATH=/home/viktordg/Create3/install/irobot_create_toolbox:${AMENT_PREFIX_PATH} CMAKE_PREFIX_PATH=/home/viktordg/Create3/install/irobot_create_toolbox:/opt/ros/humble LD_LIBRARY_PATH=/home/viktordg/Create3/install/irobot_create_toolbox/lib:${LD_LIBRARY_PATH} /usr/bin/cmake /home/viktordg/Create3/src/create3_sim/irobot_create_gazebo/irobot_create_gazebo_plugins -DCMAKE_INSTALL_PREFIX=/home/viktordg/Create3/install/irobot_create_gazebo_plugins
[0.297s] -- The C compiler identification is GNU 11.4.0
[0.980s] -- The CXX compiler identification is GNU 11.4.0
[1.391s] -- Detecting C compiler ABI info
[1.570s] -- Detecting C compiler ABI info - done
[1.590s] -- Check for working C compiler: /usr/bin/cc - skipped
[1.590s] -- Detecting C compile features
[1.591s] -- Detecting C compile features - done
[1.596s] -- Detecting CXX compiler ABI info
[1.768s] -- Detecting CXX compiler ABI info - done
[1.783s] -- Check for working CXX compiler: /usr/bin/c++ - skipped
[1.784s] -- Detecting CXX compile features
[1.785s] -- Detecting CXX compile features - done
[1.787s] -- Found ament_cmake: 1.3.10 (/opt/ros/humble/share/ament_cmake/cmake)
[1.996s] -- Found Python3: /usr/bin/python3 (found version "3.10.12") found components: Interpreter 
[2.132s] -- Found geometry_msgs: 4.2.4 (/opt/ros/humble/share/geometry_msgs/cmake)
[2.336s] -- Found rosidl_generator_c: 3.1.5 (/opt/ros/humble/share/rosidl_generator_c/cmake)
[2.344s] -- Found rosidl_adapter: 3.1.5 (/opt/ros/humble/share/rosidl_adapter/cmake)
[2.359s] -- Found rosidl_generator_cpp: 3.1.5 (/opt/ros/humble/share/rosidl_generator_cpp/cmake)
[2.384s] -- Using all available rosidl_typesupport_c: rosidl_typesupport_fastrtps_c;rosidl_typesupport_introspection_c
[2.417s] -- Using all available rosidl_typesupport_cpp: rosidl_typesupport_fastrtps_cpp;rosidl_typesupport_introspection_cpp
[2.510s] -- Found irobot_create_msgs: 2.1.0 (/opt/ros/humble/share/irobot_create_msgs/cmake)
[2.624s] -- Found irobot_create_toolbox: 2.1.0 (/home/viktordg/Create3/install/irobot_create_toolbox/share/irobot_create_toolbox/cmake)
[2.722s] -- Found rmw_implementation_cmake: 6.1.2 (/opt/ros/humble/share/rmw_implementation_cmake/cmake)
[2.726s] -- Found rmw_fastrtps_cpp: 6.2.7 (/opt/ros/humble/share/rmw_fastrtps_cpp/cmake)
[3.754s] -- Found OpenSSL: /usr/lib/x86_64-linux-gnu/libcrypto.so (found version "3.0.2")  
[4.653s] -- Found FastRTPS: /opt/ros/humble/include  
[6.290s] -- Using RMW implementation 'rmw_fastrtps_cpp' as default
[6.307s] -- Looking for pthread.h
[6.492s] -- Looking for pthread.h - found
[6.493s] -- Performing Test CMAKE_HAVE_LIBC_PTHREAD
[6.705s] -- Performing Test CMAKE_HAVE_LIBC_PTHREAD - Success
[6.707s] -- Found Threads: TRUE  
[6.798s] -- Found sensor_msgs: 4.2.4 (/opt/ros/humble/share/sensor_msgs/cmake)
[6.861s] -- Found PkgConfig: /usr/bin/pkg-config (found version "0.29.2") 
[6.864s] -- Checking for module 'bullet>=2.82'
[6.885s] --   Found bullet, version 3.05
[7.167s] -- Found fcl: /usr/include (found suitable version "0.7.0", minimum required is "0.5.0") 
[7.260s] -- Found assimp: /usr/include (found version "5.2.0") 
[7.313s] -- Found DART: /usr/include (Required is at least version "6.6") found components: dart 
[7.374s] -- Found Boost: /usr/lib/x86_64-linux-gnu/cmake/Boost-1.74.0/BoostConfig.cmake (found suitable version "1.74.0", minimum required is "1.40.0") found components: thread system filesystem program_options regex iostreams date_time 
[8.290s] -- Found Protobuf: /usr/lib/x86_64-linux-gnu/libprotobuf.so (found version "3.12.4") 
[8.306s] -- Looking for ignition-math6 -- found version 6.15.1
[8.315s] -- Looking for OGRE...
[8.316s] -- OGRE_PREFIX_WATCH changed.
[8.335s] -- Checking for module 'OGRE'
[8.414s] --   Found OGRE, version 1.9.0
[8.507s] -- Found Ogre Ghadamon (1.9.0)
[9.711s] -- Found OGRE: optimized;/usr/lib/x86_64-linux-gnu/libOgreMain.so;debug;/usr/lib/x86_64-linux-gnu/libOgreMain.so
[9.754s] -- Looking for OGRE_Paging...
[11.092s] -- Found OGRE_Paging: optimized;/usr/lib/x86_64-linux-gnu/libOgrePaging.so;debug;/usr/lib/x86_64-linux-gnu/libOgrePaging.so
[11.092s] -- Looking for OGRE_Terrain...
[12.626s] -- Found OGRE_Terrain: optimized;/usr/lib/x86_64-linux-gnu/libOgreTerrain.so;debug;/usr/lib/x86_64-linux-gnu/libOgreTerrain.so
[12.627s] -- Looking for OGRE_Property...
[13.546s] -- Found OGRE_Property: optimized;/usr/lib/x86_64-linux-gnu/libOgreProperty.so;debug;/usr/lib/x86_64-linux-gnu/libOgreProperty.so
[13.547s] -- Looking for OGRE_RTShaderSystem...
[14.688s] -- Found OGRE_RTShaderSystem: optimized;/usr/lib/x86_64-linux-gnu/libOgreRTShaderSystem.so;debug;/usr/lib/x86_64-linux-gnu/libOgreRTShaderSystem.so
[14.689s] -- Looking for OGRE_Volume...
[15.677s] -- Found OGRE_Volume: optimized;/usr/lib/x86_64-linux-gnu/libOgreVolume.so;debug;/usr/lib/x86_64-linux-gnu/libOgreVolume.so
[15.678s] -- Looking for OGRE_Overlay...
[16.770s] -- Found OGRE_Overlay: optimized;/usr/lib/x86_64-linux-gnu/libOgreOverlay.so;debug;/usr/lib/x86_64-linux-gnu/libOgreOverlay.so
[137.320s] Invoked command in '/home/viktordg/Create3/build/irobot_create_gazebo_plugins' returned '-2': AMENT_PREFIX_PATH=/home/viktordg/Create3/install/irobot_create_toolbox:${AMENT_PREFIX_PATH} CMAKE_PREFIX_PATH=/home/viktordg/Create3/install/irobot_create_toolbox:/opt/ros/humble LD_LIBRARY_PATH=/home/viktordg/Create3/install/irobot_create_toolbox/lib:${LD_LIBRARY_PATH} /usr/bin/cmake /home/viktordg/Create3/src/create3_sim/irobot_create_gazebo/irobot_create_gazebo_plugins -DCMAKE_INSTALL_PREFIX=/home/viktordg/Create3/install/irobot_create_gazebo_plugins
[137.474s] Traceback (most recent call last):
  File "/usr/lib/python3/dist-packages/colcon_parallel_executor/executor/parallel.py", line 75, in execute
    loop.run_until_complete(future)
  File "/usr/lib/python3.10/asyncio/base_events.py", line 636, in run_until_complete
    self.run_forever()
  File "/usr/lib/python3.10/asyncio/base_events.py", line 603, in run_forever
    self._run_once()
  File "/usr/lib/python3.10/asyncio/base_events.py", line 1871, in _run_once
    event_list = self._selector.select(timeout)
  File "/usr/lib/python3.10/selectors.py", line 469, in select
    fd_event_list = self._selector.poll(timeout, max_ev)
KeyboardInterrupt

During handling of the above exception, another exception occurred:

Traceback (most recent call last):
  File "/usr/lib/python3/dist-packages/colcon_core/executor/__init__.py", line 91, in __call__
    rc = await self.task(*args, **kwargs)
  File "/usr/lib/python3/dist-packages/colcon_core/task/__init__.py", line 93, in __call__
    return await task_method(*args, **kwargs)
  File "/usr/lib/python3/dist-packages/colcon_ros/task/ament_cmake/build.py", line 59, in build
    rc = await extension.build(
  File "/usr/lib/python3/dist-packages/colcon_cmake/task/cmake/build.py", line 87, in build
    rc = await self._reconfigure(args, env)
  File "/usr/lib/python3/dist-packages/colcon_cmake/task/cmake/build.py", line 182, in _reconfigure
    buildfile = get_buildfile(cmake_cache)
  File "/usr/lib/python3/dist-packages/colcon_cmake/task/cmake/__init__.py", line 114, in get_buildfile
    if 'Visual Studio' in generator:
TypeError: argument of type 'NoneType' is not iterable
